<?xml version="1.0" encoding="UTF-8"?>
<testsuite name="edu.project.ToyProjectApplicationTests" tests="1" skipped="0" failures="0" errors="0" timestamp="2020-02-11T14:44:41" hostname="DESKTOP-4RHPOK5" time="0.359">
  <properties/>
  <testcase name="contextLoads()" classname="edu.project.ToyProjectApplicationTests" time="0.359"/>
  <system-out><![CDATA[23:44:39.622 [Test worker] DEBUG org.springframework.test.context.BootstrapUtils - Instantiating CacheAwareContextLoaderDelegate from class [org.springframework.test.context.cache.DefaultCacheAwareContextLoaderDelegate]
23:44:39.637 [Test worker] DEBUG org.springframework.test.context.BootstrapUtils - Instantiating BootstrapContext using constructor [public org.springframework.test.context.support.DefaultBootstrapContext(java.lang.Class,org.springframework.test.context.CacheAwareContextLoaderDelegate)]
23:44:39.664 [Test worker] DEBUG org.springframework.test.context.BootstrapUtils - Instantiating TestContextBootstrapper for test class [edu.project.ToyProjectApplicationTests] from class [org.springframework.boot.test.context.SpringBootTestContextBootstrapper]
23:44:39.680 [Test worker] INFO org.springframework.boot.test.context.SpringBootTestContextBootstrapper - Neither @ContextConfiguration nor @ContextHierarchy found for test class [edu.project.ToyProjectApplicationTests], using SpringBootContextLoader
23:44:39.685 [Test worker] DEBUG org.springframework.test.context.support.AbstractContextLoader - Did not detect default resource location for test class [edu.project.ToyProjectApplicationTests]: class path resource [edu/project/ToyProjectApplicationTests-context.xml] does not exist
23:44:39.686 [Test worker] DEBUG org.springframework.test.context.support.AbstractContextLoader - Did not detect default resource location for test class [edu.project.ToyProjectApplicationTests]: class path resource [edu/project/ToyProjectApplicationTestsContext.groovy] does not exist
23:44:39.686 [Test worker] INFO org.springframework.test.context.support.AbstractContextLoader - Could not detect default resource locations for test class [edu.project.ToyProjectApplicationTests]: no resource found for suffixes {-context.xml, Context.groovy}.
23:44:39.687 [Test worker] INFO org.springframework.test.context.support.AnnotationConfigContextLoaderUtils - Could not detect default configuration classes for test class [edu.project.ToyProjectApplicationTests]: ToyProjectApplicationTests does not declare any static, non-private, non-final, nested classes annotated with @Configuration.
23:44:39.723 [Test worker] DEBUG org.springframework.test.context.support.ActiveProfilesUtils - Could not find an 'annotation declaring class' for annotation type [org.springframework.test.context.ActiveProfiles] and class [edu.project.ToyProjectApplicationTests]
23:44:39.785 [Test worker] DEBUG org.springframework.context.annotation.ClassPathScanningCandidateComponentProvider - Identified candidate component class: file [C:\workspace\java\gajoa-test-repository\build\classes\java\main\edu\project\ToyProjectApplication.class]
23:44:39.786 [Test worker] INFO org.springframework.boot.test.context.SpringBootTestContextBootstrapper - Found @SpringBootConfiguration edu.project.ToyProjectApplication for test class edu.project.ToyProjectApplicationTests
23:44:39.890 [Test worker] DEBUG org.springframework.boot.test.context.SpringBootTestContextBootstrapper - @TestExecutionListeners is not present for class [edu.project.ToyProjectApplicationTests]: using defaults.
23:44:39.891 [Test worker] INFO org.springframework.boot.test.context.SpringBootTestContextBootstrapper - Loaded default TestExecutionListener class names from location [META-INF/spring.factories]: [org.springframework.boot.test.autoconfigure.restdocs.RestDocsTestExecutionListener, org.springframework.boot.test.autoconfigure.web.client.MockRestServiceServerResetTestExecutionListener, org.springframework.boot.test.autoconfigure.web.servlet.MockMvcPrintOnlyOnFailureTestExecutionListener, org.springframework.boot.test.autoconfigure.web.servlet.WebDriverTestExecutionListener, org.springframework.boot.test.mock.mockito.MockitoTestExecutionListener, org.springframework.boot.test.mock.mockito.ResetMocksTestExecutionListener, org.springframework.test.context.web.ServletTestExecutionListener, org.springframework.test.context.support.DirtiesContextBeforeModesTestExecutionListener, org.springframework.test.context.support.DependencyInjectionTestExecutionListener, org.springframework.test.context.support.DirtiesContextTestExecutionListener, org.springframework.test.context.transaction.TransactionalTestExecutionListener, org.springframework.test.context.jdbc.SqlScriptsTestExecutionListener, org.springframework.test.context.event.EventPublishingTestExecutionListener]
23:44:39.903 [Test worker] DEBUG org.springframework.boot.test.context.SpringBootTestContextBootstrapper - Skipping candidate TestExecutionListener [org.springframework.test.context.transaction.TransactionalTestExecutionListener] due to a missing dependency. Specify custom listener classes or make the default listener classes and their required dependencies available. Offending class: [org/springframework/transaction/interceptor/TransactionAttributeSource]
23:44:39.904 [Test worker] DEBUG org.springframework.boot.test.context.SpringBootTestContextBootstrapper - Skipping candidate TestExecutionListener [org.springframework.test.context.jdbc.SqlScriptsTestExecutionListener] due to a missing dependency. Specify custom listener classes or make the default listener classes and their required dependencies available. Offending class: [org/springframework/transaction/interceptor/TransactionAttribute]
23:44:39.904 [Test worker] INFO org.springframework.boot.test.context.SpringBootTestContextBootstrapper - Using TestExecutionListeners: [org.springframework.test.context.web.ServletTestExecutionListener@7a8bbd35, org.springframework.test.context.support.DirtiesContextBeforeModesTestExecutionListener@4f2a7c6b, org.springframework.boot.test.mock.mockito.MockitoTestExecutionListener@25d4ac28, org.springframework.boot.test.autoconfigure.SpringBootDependencyInjectionTestExecutionListener@6be40cd4, org.springframework.test.context.support.DirtiesContextTestExecutionListener@4ca16688, org.springframework.test.context.event.EventPublishingTestExecutionListener@50749253, org.springframework.boot.test.autoconfigure.restdocs.RestDocsTestExecutionListener@5041d199, org.springframework.boot.test.autoconfigure.web.client.MockRestServiceServerResetTestExecutionListener@1b08f5e9, org.springframework.boot.test.autoconfigure.web.servlet.MockMvcPrintOnlyOnFailureTestExecutionListener@5c5a5526, org.springframework.boot.test.autoconfigure.web.servlet.WebDriverTestExecutionListener@28c8b2f4, org.springframework.boot.test.mock.mockito.ResetMocksTestExecutionListener@765b636d]
23:44:39.908 [Test worker] DEBUG org.springframework.test.context.support.AbstractDirtiesContextTestExecutionListener - Before test class: context [DefaultTestContext@4c5e2d2f testClass = ToyProjectApplicationTests, testInstance = [null], testMethod = [null], testException = [null], mergedContextConfiguration = [WebMergedContextConfiguration@1916e772 testClass = ToyProjectApplicationTests, locations = '{}', classes = '{class edu.project.ToyProjectApplication}', contextInitializerClasses = '[]', activeProfiles = '{}', propertySourceLocations = '{}', propertySourceProperties = '{org.springframework.boot.test.context.SpringBootTestContextBootstrapper=true}', contextCustomizers = set[org.springframework.boot.test.autoconfigure.properties.PropertyMappingContextCustomizer@0, org.springframework.boot.test.autoconfigure.web.servlet.WebDriverContextCustomizerFactory$Customizer@64b40563, org.springframework.boot.test.context.filter.ExcludeFilterContextCustomizer@c0c4394, org.springframework.boot.test.json.DuplicateJsonObjectContextCustomizerFactory$DuplicateJsonObjectContextCustomizer@19fd2749, org.springframework.boot.test.mock.mockito.MockitoContextCustomizer@0, org.springframework.boot.test.web.client.TestRestTemplateContextCustomizer@73b3c5d3], resourceBasePath = 'src/main/webapp', contextLoader = 'org.springframework.boot.test.context.SpringBootContextLoader', parent = [null]], attributes = map['org.springframework.test.context.web.ServletTestExecutionListener.activateListener' -> true]], class annotated with @DirtiesContext [false] with mode [null].
23:44:39.940 [Test worker] DEBUG org.springframework.test.context.support.TestPropertySourceUtils - Adding inlined properties to environment: {spring.jmx.enabled=false, org.springframework.boot.test.context.SpringBootTestContextBootstrapper=true, server.port=-1}

  .   ____          _            __ _ _
 /\\ / ___'_ __ _ _(_)_ __  __ _ \ \ \ \
( ( )\___ | '_ | '_| | '_ \/ _` | \ \ \ \
 \\/  ___)| |_)| | | | | || (_| |  ) ) ) )
  '  |____| .__|_| |_|_| |_\__, | / / / /
 =========|_|==============|___/=/_/_/_/
 :: Spring Boot ::        (v2.2.4.RELEASE)

2020-02-11 23:44:40.296  INFO 28784 --- [    Test worker] edu.project.ToyProjectApplicationTests   : Starting ToyProjectApplicationTests on DESKTOP-4RHPOK5 with PID 28784 (started by minkyu in C:\workspace\java\gajoa-test-repository)
2020-02-11 23:44:40.298  INFO 28784 --- [    Test worker] edu.project.ToyProjectApplicationTests   : No active profile set, falling back to default profiles: default
2020-02-11 23:44:41.544  INFO 28784 --- [    Test worker] o.s.s.concurrent.ThreadPoolTaskExecutor  : Initializing ExecutorService 'applicationTaskExecutor'
2020-02-11 23:44:41.832  INFO 28784 --- [    Test worker] edu.project.ToyProjectApplicationTests   : Started ToyProjectApplicationTests in 1.88 seconds (JVM running for 3.562)
]]></system-out>
  <system-err><![CDATA[]]></system-err>
</testsuite>
