<?xml version="1.0" encoding="UTF-8"?>
<testsuite name="edu.project.ToyProjectApplicationTests" tests="1" skipped="0" failures="0" errors="0" timestamp="2020-02-03T16:58:35" hostname="DESKTOP-4RHPOK5" time="0.381">
  <properties/>
  <testcase name="contextLoads()" classname="edu.project.ToyProjectApplicationTests" time="0.381"/>
  <system-out><![CDATA[01:58:33.120 [Test worker] DEBUG org.springframework.test.context.BootstrapUtils - Instantiating CacheAwareContextLoaderDelegate from class [org.springframework.test.context.cache.DefaultCacheAwareContextLoaderDelegate]
01:58:33.137 [Test worker] DEBUG org.springframework.test.context.BootstrapUtils - Instantiating BootstrapContext using constructor [public org.springframework.test.context.support.DefaultBootstrapContext(java.lang.Class,org.springframework.test.context.CacheAwareContextLoaderDelegate)]
01:58:33.171 [Test worker] DEBUG org.springframework.test.context.BootstrapUtils - Instantiating TestContextBootstrapper for test class [edu.project.ToyProjectApplicationTests] from class [org.springframework.boot.test.context.SpringBootTestContextBootstrapper]
01:58:33.191 [Test worker] INFO org.springframework.boot.test.context.SpringBootTestContextBootstrapper - Neither @ContextConfiguration nor @ContextHierarchy found for test class [edu.project.ToyProjectApplicationTests], using SpringBootContextLoader
01:58:33.196 [Test worker] DEBUG org.springframework.test.context.support.AbstractContextLoader - Did not detect default resource location for test class [edu.project.ToyProjectApplicationTests]: class path resource [edu/project/ToyProjectApplicationTests-context.xml] does not exist
01:58:33.196 [Test worker] DEBUG org.springframework.test.context.support.AbstractContextLoader - Did not detect default resource location for test class [edu.project.ToyProjectApplicationTests]: class path resource [edu/project/ToyProjectApplicationTestsContext.groovy] does not exist
01:58:33.196 [Test worker] INFO org.springframework.test.context.support.AbstractContextLoader - Could not detect default resource locations for test class [edu.project.ToyProjectApplicationTests]: no resource found for suffixes {-context.xml, Context.groovy}.
01:58:33.197 [Test worker] INFO org.springframework.test.context.support.AnnotationConfigContextLoaderUtils - Could not detect default configuration classes for test class [edu.project.ToyProjectApplicationTests]: ToyProjectApplicationTests does not declare any static, non-private, non-final, nested classes annotated with @Configuration.
01:58:33.238 [Test worker] DEBUG org.springframework.test.context.support.ActiveProfilesUtils - Could not find an 'annotation declaring class' for annotation type [org.springframework.test.context.ActiveProfiles] and class [edu.project.ToyProjectApplicationTests]
01:58:33.304 [Test worker] DEBUG org.springframework.context.annotation.ClassPathScanningCandidateComponentProvider - Identified candidate component class: file [C:\workspace\java\springboot\toy-project\build\classes\java\main\edu\project\ToyProjectApplication.class]
01:58:33.306 [Test worker] INFO org.springframework.boot.test.context.SpringBootTestContextBootstrapper - Found @SpringBootConfiguration edu.project.ToyProjectApplication for test class edu.project.ToyProjectApplicationTests
01:58:33.428 [Test worker] DEBUG org.springframework.boot.test.context.SpringBootTestContextBootstrapper - @TestExecutionListeners is not present for class [edu.project.ToyProjectApplicationTests]: using defaults.
01:58:33.429 [Test worker] INFO org.springframework.boot.test.context.SpringBootTestContextBootstrapper - Loaded default TestExecutionListener class names from location [META-INF/spring.factories]: [org.springframework.boot.test.autoconfigure.restdocs.RestDocsTestExecutionListener, org.springframework.boot.test.autoconfigure.web.client.MockRestServiceServerResetTestExecutionListener, org.springframework.boot.test.autoconfigure.web.servlet.MockMvcPrintOnlyOnFailureTestExecutionListener, org.springframework.boot.test.autoconfigure.web.servlet.WebDriverTestExecutionListener, org.springframework.boot.test.mock.mockito.MockitoTestExecutionListener, org.springframework.boot.test.mock.mockito.ResetMocksTestExecutionListener, org.springframework.test.context.web.ServletTestExecutionListener, org.springframework.test.context.support.DirtiesContextBeforeModesTestExecutionListener, org.springframework.test.context.support.DependencyInjectionTestExecutionListener, org.springframework.test.context.support.DirtiesContextTestExecutionListener, org.springframework.test.context.transaction.TransactionalTestExecutionListener, org.springframework.test.context.jdbc.SqlScriptsTestExecutionListener, org.springframework.test.context.event.EventPublishingTestExecutionListener]
01:58:33.448 [Test worker] DEBUG org.springframework.boot.test.context.SpringBootTestContextBootstrapper - Skipping candidate TestExecutionListener [org.springframework.test.context.transaction.TransactionalTestExecutionListener] due to a missing dependency. Specify custom listener classes or make the default listener classes and their required dependencies available. Offending class: [org/springframework/transaction/interceptor/TransactionAttributeSource]
01:58:33.449 [Test worker] DEBUG org.springframework.boot.test.context.SpringBootTestContextBootstrapper - Skipping candidate TestExecutionListener [org.springframework.test.context.jdbc.SqlScriptsTestExecutionListener] due to a missing dependency. Specify custom listener classes or make the default listener classes and their required dependencies available. Offending class: [org/springframework/transaction/interceptor/TransactionAttribute]
01:58:33.449 [Test worker] INFO org.springframework.boot.test.context.SpringBootTestContextBootstrapper - Using TestExecutionListeners: [org.springframework.test.context.web.ServletTestExecutionListener@1906521e, org.springframework.test.context.support.DirtiesContextBeforeModesTestExecutionListener@73309a4, org.springframework.boot.test.mock.mockito.MockitoTestExecutionListener@7f39d028, org.springframework.boot.test.autoconfigure.SpringBootDependencyInjectionTestExecutionListener@6d218f8, org.springframework.test.context.support.DirtiesContextTestExecutionListener@2def2c9e, org.springframework.test.context.event.EventPublishingTestExecutionListener@320e6eae, org.springframework.boot.test.autoconfigure.restdocs.RestDocsTestExecutionListener@3074057, org.springframework.boot.test.autoconfigure.web.client.MockRestServiceServerResetTestExecutionListener@15849d17, org.springframework.boot.test.autoconfigure.web.servlet.MockMvcPrintOnlyOnFailureTestExecutionListener@41dbc8e5, org.springframework.boot.test.autoconfigure.web.servlet.WebDriverTestExecutionListener@e1b56e, org.springframework.boot.test.mock.mockito.ResetMocksTestExecutionListener@395d58dd]
01:58:33.455 [Test worker] DEBUG org.springframework.test.context.support.AbstractDirtiesContextTestExecutionListener - Before test class: context [DefaultTestContext@4f371098 testClass = ToyProjectApplicationTests, testInstance = [null], testMethod = [null], testException = [null], mergedContextConfiguration = [WebMergedContextConfiguration@62f55cf2 testClass = ToyProjectApplicationTests, locations = '{}', classes = '{class edu.project.ToyProjectApplication}', contextInitializerClasses = '[]', activeProfiles = '{}', propertySourceLocations = '{}', propertySourceProperties = '{org.springframework.boot.test.context.SpringBootTestContextBootstrapper=true}', contextCustomizers = set[org.springframework.boot.test.autoconfigure.properties.PropertyMappingContextCustomizer@0, org.springframework.boot.test.autoconfigure.web.servlet.WebDriverContextCustomizerFactory$Customizer@56c6acdd, org.springframework.boot.test.context.filter.ExcludeFilterContextCustomizer@4ca629dd, org.springframework.boot.test.json.DuplicateJsonObjectContextCustomizerFactory$DuplicateJsonObjectContextCustomizer@1863a022, org.springframework.boot.test.mock.mockito.MockitoContextCustomizer@0, org.springframework.boot.test.web.client.TestRestTemplateContextCustomizer@73303261], resourceBasePath = 'src/main/webapp', contextLoader = 'org.springframework.boot.test.context.SpringBootContextLoader', parent = [null]], attributes = map['org.springframework.test.context.web.ServletTestExecutionListener.activateListener' -> true]], class annotated with @DirtiesContext [false] with mode [null].
01:58:33.489 [Test worker] DEBUG org.springframework.test.context.support.TestPropertySourceUtils - Adding inlined properties to environment: {spring.jmx.enabled=false, org.springframework.boot.test.context.SpringBootTestContextBootstrapper=true, server.port=-1}

  .   ____          _            __ _ _
 /\\ / ___'_ __ _ _(_)_ __  __ _ \ \ \ \
( ( )\___ | '_ | '_| | '_ \/ _` | \ \ \ \
 \\/  ___)| |_)| | | | | || (_| |  ) ) ) )
  '  |____| .__|_| |_|_| |_\__, | / / / /
 =========|_|==============|___/=/_/_/_/
 :: Spring Boot ::        (v2.2.4.RELEASE)

2020-02-04 01:58:33.964  INFO 28804 --- [    Test worker] edu.project.ToyProjectApplicationTests   : Starting ToyProjectApplicationTests on DESKTOP-4RHPOK5 with PID 28804 (started by minkyu in C:\workspace\java\springboot\toy-project)
2020-02-04 01:58:33.966  INFO 28804 --- [    Test worker] edu.project.ToyProjectApplicationTests   : No active profile set, falling back to default profiles: default
2020-02-04 01:58:35.602  INFO 28804 --- [    Test worker] o.s.s.concurrent.ThreadPoolTaskExecutor  : Initializing ExecutorService 'applicationTaskExecutor'
2020-02-04 01:58:35.899  INFO 28804 --- [    Test worker] edu.project.ToyProjectApplicationTests   : Started ToyProjectApplicationTests in 2.398 seconds (JVM running for 4.159)
]]></system-out>
  <system-err><![CDATA[]]></system-err>
</testsuite>
